<?xml version="1.0" encoding="UTF-8"?>
<testng-results ignored="0" total="1" passed="1" failed="0" skipped="0">
  <reporter-output>
  </reporter-output>
  <suite started-at="2019-12-04T09:23:06 MEZ" name="Surefire suite" finished-at="2019-12-04T09:23:12 MEZ" duration-ms="6164">
    <groups>
    </groups>
    <test started-at="2019-12-04T09:23:06 MEZ" name="Surefire test" finished-at="2019-12-04T09:23:12 MEZ" duration-ms="6164">
      <class name="MyFirstTest">
        <test-method signature="testOne() throws java.lang.InterruptedException,java.text.ParseException,java.io.IOException" started-at="2019-12-04T09:23:06 MEZ" name="testOne" finished-at="2019-12-04T09:23:12 MEZ" duration-ms="6092" status="PASS">
          <reporter-output>
          </reporter-output>
        </test-method> <!-- testOne -->
      </class> <!-- MyFirstTest -->
    </test> <!-- Surefire test -->
  </suite> <!-- Surefire suite -->
</testng-results>
